<?xml version="1.0" encoding="UTF-8"?>
<Site BuildName="(empty)"
	BuildStamp="20241203-0206-Experimental"
	Name="julio-virtual-machine"
	Generator="ctest-3.22.1"
	CompilerName="/usr/bin/c++"
	CompilerVersion="11.4.0"
	OSName="Linux"
	Hostname="julio-virtual-machine"
	OSRelease="6.8.0-49-generic"
	OSVersion="#49~22.04.1-Ubuntu SMP PREEMPT_DYNAMIC Wed Nov  6 17:42:15 UTC 2"
	OSPlatform="x86_64"
	Is64Bits="1"
	VendorString="GenuineIntel"
	VendorID="Intel Corporation"
	FamilyID="6"
	ModelID="140"
	ProcessorCacheSize="12288"
	NumberOfLogicalCPU="2"
	NumberOfPhysicalCPU="2"
	TotalVirtualMemory="3897"
	TotalPhysicalMemory="7894"
	LogicalProcessorsPerPhysical="1"
	ProcessorClockFrequency="2803.2"
	>
	<Testing>
		<StartDateTime>Dec 03 17:37 -05</StartDateTime>
		<StartTestTime>1733265467</StartTestTime>
		<TestList/>
		<EndDateTime>Dec 03 17:37 -05</EndDateTime>
		<EndTestTime>1733265467</EndTestTime>
		<ElapsedMinutes>0</ElapsedMinutes>
	</Testing>
</Site>
